Determining if the pthread_create exist failed with the following output:
Change Dir: /home/young/mrobot_catkin_ws/build/mrobot-indigo/mrobot_autonav/CMakeFiles/CMakeTmp

Run Build Command:/usr/bin/make "cmTryCompileExec1203433148/fast"
/usr/bin/make -f CMakeFiles/cmTryCompileExec1203433148.dir/build.make CMakeFiles/cmTryCompileExec1203433148.dir/build
make[1]: Entering directory `/home/young/mrobot_catkin_ws/build/mrobot-indigo/mrobot_autonav/CMakeFiles/CMakeTmp'
/usr/bin/cmake -E cmake_progress_report /home/young/mrobot_catkin_ws/build/mrobot-indigo/mrobot_autonav/CMakeFiles/CMakeTmp/CMakeFiles 1
Building C object CMakeFiles/cmTryCompileExec1203433148.dir/CheckSymbolExists.c.o
/usr/bin/cc    -o CMakeFiles/cmTryCompileExec1203433148.dir/CheckSymbolExists.c.o   -c /home/young/mrobot_catkin_ws/build/mrobot-indigo/mrobot_autonav/CMakeFiles/CMakeTmp/CheckSymbolExists.c
Linking C executable cmTryCompileExec1203433148
/usr/bin/cmake -E cmake_link_script CMakeFiles/cmTryCompileExec1203433148.dir/link.txt --verbose=1
/usr/bin/cc       CMakeFiles/cmTryCompileExec1203433148.dir/CheckSymbolExists.c.o  -o cmTryCompileExec1203433148 -rdynamic 
CMakeFiles/cmTryCompileExec1203433148.dir/CheckSymbolExists.c.o: In function `main':
CheckSymbolExists.c:(.text+0x16): undefined reference to `pthread_create'
collect2: error: ld returned 1 exit status
make[1]: *** [cmTryCompileExec1203433148] Error 1
make[1]: Leaving directory `/home/young/mrobot_catkin_ws/build/mrobot-indigo/mrobot_autonav/CMakeFiles/CMakeTmp'
make: *** [cmTryCompileExec1203433148/fast] Error 2

File /home/young/mrobot_catkin_ws/build/mrobot-indigo/mrobot_autonav/CMakeFiles/CMakeTmp/CheckSymbolExists.c:
/* */
#include <pthread.h>

int main(int argc, char** argv)
{
  (void)argv;
#ifndef pthread_create
  return ((int*)(&pthread_create))[argc];
#else
  (void)argc;
  return 0;
#endif
}

Determining if the function pthread_create exists in the pthreads failed with the following output:
Change Dir: /home/young/mrobot_catkin_ws/build/mrobot-indigo/mrobot_autonav/CMakeFiles/CMakeTmp

Run Build Command:/usr/bin/make "cmTryCompileExec3821912207/fast"
/usr/bin/make -f CMakeFiles/cmTryCompileExec3821912207.dir/build.make CMakeFiles/cmTryCompileExec3821912207.dir/build
make[1]: Entering directory `/home/young/mrobot_catkin_ws/build/mrobot-indigo/mrobot_autonav/CMakeFiles/CMakeTmp'
/usr/bin/cmake -E cmake_progress_report /home/young/mrobot_catkin_ws/build/mrobot-indigo/mrobot_autonav/CMakeFiles/CMakeTmp/CMakeFiles 1
Building C object CMakeFiles/cmTryCompileExec3821912207.dir/CheckFunctionExists.c.o
/usr/bin/cc   -DCHECK_FUNCTION_EXISTS=pthread_create   -o CMakeFiles/cmTryCompileExec3821912207.dir/CheckFunctionExists.c.o   -c /usr/share/cmake-2.8/Modules/CheckFunctionExists.c
Linking C executable cmTryCompileExec3821912207
/usr/bin/cmake -E cmake_link_script CMakeFiles/cmTryCompileExec3821912207.dir/link.txt --verbose=1
/usr/bin/cc   -DCHECK_FUNCTION_EXISTS=pthread_create    CMakeFiles/cmTryCompileExec3821912207.dir/CheckFunctionExists.c.o  -o cmTryCompileExec3821912207 -rdynamic -lpthreads 
/usr/bin/ld: cannot find -lpthreads
collect2: error: ld returned 1 exit status
make[1]: Leaving directory `/home/young/mrobot_catkin_ws/build/mrobot-indigo/mrobot_autonav/CMakeFiles/CMakeTmp'
make[1]: *** [cmTryCompileExec3821912207] Error 1
make: *** [cmTryCompileExec3821912207/fast] Error 2


