Determining if the pthread_create exist failed with the following output:
Change Dir: /home/young/mrobot_catkin_ws/build/CMakeFiles/CMakeTmp

Run Build Command:/usr/bin/make "cmTryCompileExec1709513789/fast"
/usr/bin/make -f CMakeFiles/cmTryCompileExec1709513789.dir/build.make CMakeFiles/cmTryCompileExec1709513789.dir/build
make[1]: Entering directory `/home/young/mrobot_catkin_ws/build/CMakeFiles/CMakeTmp'
/usr/bin/cmake -E cmake_progress_report /home/young/mrobot_catkin_ws/build/CMakeFiles/CMakeTmp/CMakeFiles 1
Building C object CMakeFiles/cmTryCompileExec1709513789.dir/CheckSymbolExists.c.o
/usr/bin/cc    -o CMakeFiles/cmTryCompileExec1709513789.dir/CheckSymbolExists.c.o   -c /home/young/mrobot_catkin_ws/build/CMakeFiles/CMakeTmp/CheckSymbolExists.c
Linking C executable cmTryCompileExec1709513789
/usr/bin/cmake -E cmake_link_script CMakeFiles/cmTryCompileExec1709513789.dir/link.txt --verbose=1
/usr/bin/cc       CMakeFiles/cmTryCompileExec1709513789.dir/CheckSymbolExists.c.o  -o cmTryCompileExec1709513789 -rdynamic 
CMakeFiles/cmTryCompileExec1709513789.dir/CheckSymbolExists.c.o: In function `main':
CheckSymbolExists.c:(.text+0x16): undefined reference to `pthread_create'
collect2: error: ld returned 1 exit status
make[1]: Leaving directory `/home/young/mrobot_catkin_ws/build/CMakeFiles/CMakeTmp'
make[1]: *** [cmTryCompileExec1709513789] Error 1
make: *** [cmTryCompileExec1709513789/fast] Error 2

File /home/young/mrobot_catkin_ws/build/CMakeFiles/CMakeTmp/CheckSymbolExists.c:
/* */
#include <pthread.h>

int main(int argc, char** argv)
{
  (void)argv;
#ifndef pthread_create
  return ((int*)(&pthread_create))[argc];
#else
  (void)argc;
  return 0;
#endif
}

Determining if the function pthread_create exists in the pthreads failed with the following output:
Change Dir: /home/young/mrobot_catkin_ws/build/CMakeFiles/CMakeTmp

Run Build Command:/usr/bin/make "cmTryCompileExec252142142/fast"
/usr/bin/make -f CMakeFiles/cmTryCompileExec252142142.dir/build.make CMakeFiles/cmTryCompileExec252142142.dir/build
make[1]: Entering directory `/home/young/mrobot_catkin_ws/build/CMakeFiles/CMakeTmp'
/usr/bin/cmake -E cmake_progress_report /home/young/mrobot_catkin_ws/build/CMakeFiles/CMakeTmp/CMakeFiles 1
Building C object CMakeFiles/cmTryCompileExec252142142.dir/CheckFunctionExists.c.o
/usr/bin/cc   -DCHECK_FUNCTION_EXISTS=pthread_create   -o CMakeFiles/cmTryCompileExec252142142.dir/CheckFunctionExists.c.o   -c /usr/share/cmake-2.8/Modules/CheckFunctionExists.c
Linking C executable cmTryCompileExec252142142
/usr/bin/cmake -E cmake_link_script CMakeFiles/cmTryCompileExec252142142.dir/link.txt --verbose=1
/usr/bin/cc   -DCHECK_FUNCTION_EXISTS=pthread_create    CMakeFiles/cmTryCompileExec252142142.dir/CheckFunctionExists.c.o  -o cmTryCompileExec252142142 -rdynamic -lpthreads 
/usr/bin/ld: cannot find -lpthreads
collect2: error: ld returned 1 exit status
make[1]: *** [cmTryCompileExec252142142] Error 1
make[1]: Leaving directory `/home/young/mrobot_catkin_ws/build/CMakeFiles/CMakeTmp'
make: *** [cmTryCompileExec252142142/fast] Error 2


